<?xml version="1.0" encoding="UTF-8"?>
<coverage generated="1634641286386" clover="3.2.0">
  <project timestamp="1634641286387" name="All files">
    <metrics statements="41" coveredstatements="40" conditionals="23" coveredconditionals="22" methods="8" coveredmethods="8" elements="72" coveredelements="70" complexity="0" loc="41" ncloc="41" packages="1" files="4" classes="4"/>
    <file name="analyze.js" path="D:\Github\Glint-Academy-Jest\testing\js\analyze.js">
      <metrics statements="6" coveredstatements="6" conditionals="0" coveredconditionals="0" methods="4" coveredmethods="4"/>
      <line num="2" count="12" type="stmt"/>
      <line num="3" count="59" type="stmt"/>
      <line num="4" count="187" type="stmt"/>
      <line num="5" count="184" type="stmt"/>
      <line num="12" count="1" type="stmt"/>
      <line num="13" count="1" type="stmt"/>
    </file>
    <file name="caesar.js" path="D:\Github\Glint-Academy-Jest\testing\js\caesar.js">
      <metrics statements="24" coveredstatements="24" conditionals="18" coveredconditionals="18" methods="1" coveredmethods="1"/>
      <line num="2" count="7" type="stmt"/>
      <line num="3" count="7" type="stmt"/>
      <line num="4" count="7" type="cond" truecount="2" falsecount="0"/>
      <line num="5" count="1" type="stmt"/>
      <line num="7" count="7" type="stmt"/>
      <line num="9" count="57" type="cond" truecount="2" falsecount="0"/>
      <line num="10" count="8" type="stmt"/>
      <line num="12" count="49" type="cond" truecount="2" falsecount="0"/>
      <line num="13" count="4" type="stmt"/>
      <line num="16" count="45" type="cond" truecount="4" falsecount="0"/>
      <line num="17" count="34" type="stmt"/>
      <line num="18" count="34" type="cond" truecount="2" falsecount="0"/>
      <line num="19" count="8" type="stmt"/>
      <line num="21" count="34" type="cond" truecount="2" falsecount="0"/>
      <line num="22" count="8" type="stmt"/>
      <line num="24" count="34" type="stmt"/>
      <line num="27" count="11" type="stmt"/>
      <line num="28" count="11" type="cond" truecount="2" falsecount="0"/>
      <line num="29" count="4" type="stmt"/>
      <line num="31" count="11" type="cond" truecount="2" falsecount="0"/>
      <line num="32" count="3" type="stmt"/>
      <line num="34" count="11" type="stmt"/>
      <line num="38" count="7" type="stmt"/>
      <line num="42" count="1" type="stmt"/>
    </file>
    <file name="calculator.js" path="D:\Github\Glint-Academy-Jest\testing\js\calculator.js">
      <metrics statements="8" coveredstatements="7" conditionals="5" coveredconditionals="4" methods="1" coveredmethods="1"/>
      <line num="2" count="14" type="cond" truecount="4" falsecount="1"/>
      <line num="4" count="3" type="stmt"/>
      <line num="7" count="4" type="stmt"/>
      <line num="10" count="4" type="stmt"/>
      <line num="13" count="3" type="stmt"/>
      <line num="16" count="0" type="stmt"/>
      <line num="21" count="1" type="stmt"/>
      <line num="22" count="1" type="stmt"/>
    </file>
    <file name="reverse.js" path="D:\Github\Glint-Academy-Jest\testing\js\reverse.js">
      <metrics statements="3" coveredstatements="3" conditionals="0" coveredconditionals="0" methods="2" coveredmethods="2"/>
      <line num="3" count="18" type="stmt"/>
      <line num="6" count="1" type="stmt"/>
      <line num="7" count="1" type="stmt"/>
    </file>
  </project>
</coverage>
