{"D:\\Github\\Glint-Academy-Jest\\testing\\js\\analyze.js": {"path":"D:\\Github\\Glint-Academy-Jest\\testing\\js\\analyze.js","statementMap":{"0":{"start":{"line":2,"column":2},"end":{"line":8,"column":4}},"1":{"start":{"line":3,"column":31},"end":{"line":3,"column":34}},"2":{"start":{"line":4,"column":25},"end":{"line":4,"column":28}},"3":{"start":{"line":5,"column":26},"end":{"line":5,"column":29}},"4":{"start":{"line":12,"column":0},"end":{"line":12,"column":38}},"5":{"start":{"line":13,"column":0},"end":{"line":13,"column":24}}},"fnMap":{"0":{"name":"analyze","decl":{"start":{"line":1,"column":9},"end":{"line":1,"column":16}},"loc":{"start":{"line":1,"column":22},"end":{"line":9,"column":1}},"line":1},"1":{"name":"(anonymous_1)","decl":{"start":{"line":3,"column":24},"end":{"line":3,"column":25}},"loc":{"start":{"line":3,"column":31},"end":{"line":3,"column":34}},"line":3},"2":{"name":"(anonymous_2)","decl":{"start":{"line":4,"column":18},"end":{"line":4,"column":19}},"loc":{"start":{"line":4,"column":25},"end":{"line":4,"column":28}},"line":4},"3":{"name":"(anonymous_3)","decl":{"start":{"line":5,"column":19},"end":{"line":5,"column":20}},"loc":{"start":{"line":5,"column":26},"end":{"line":5,"column":29}},"line":5}},"branchMap":{},"s":{"0":12,"1":59,"2":187,"3":184,"4":1,"5":1},"f":{"0":12,"1":59,"2":187,"3":184},"b":{},"_coverageSchema":"1a1c01bbd47fc00a2c39e90264f33305004495a9","hash":"8cae0c402149958646e7eb73212a83b3419bd5c4"}
,"D:\\Github\\Glint-Academy-Jest\\testing\\js\\caesar.js": {"path":"D:\\Github\\Glint-Academy-Jest\\testing\\js\\caesar.js","statementMap":{"0":{"start":{"line":2,"column":17},"end":{"line":2,"column":19}},"1":{"start":{"line":3,"column":16},"end":{"line":3,"column":23}},"2":{"start":{"line":4,"column":4},"end":{"line":6,"column":5}},"3":{"start":{"line":5,"column":8},"end":{"line":5,"column":22}},"4":{"start":{"line":7,"column":4},"end":{"line":37,"column":9}},"5":{"start":{"line":7,"column":16},"end":{"line":7,"column":17}},"6":{"start":{"line":9,"column":8},"end":{"line":36,"column":9}},"7":{"start":{"line":10,"column":12},"end":{"line":10,"column":35}},"8":{"start":{"line":12,"column":13},"end":{"line":36,"column":9}},"9":{"start":{"line":13,"column":12},"end":{"line":13,"column":36}},"10":{"start":{"line":16,"column":12},"end":{"line":35,"column":13}},"11":{"start":{"line":17,"column":31},"end":{"line":17,"column":55}},"12":{"start":{"line":18,"column":16},"end":{"line":20,"column":17}},"13":{"start":{"line":19,"column":20},"end":{"line":19,"column":48}},"14":{"start":{"line":21,"column":16},"end":{"line":23,"column":17}},"15":{"start":{"line":22,"column":20},"end":{"line":22,"column":51}},"16":{"start":{"line":24,"column":16},"end":{"line":24,"column":63}},"17":{"start":{"line":27,"column":31},"end":{"line":27,"column":55}},"18":{"start":{"line":28,"column":16},"end":{"line":30,"column":17}},"19":{"start":{"line":29,"column":20},"end":{"line":29,"column":47}},"20":{"start":{"line":31,"column":16},"end":{"line":33,"column":17}},"21":{"start":{"line":32,"column":20},"end":{"line":32,"column":49}},"22":{"start":{"line":34,"column":16},"end":{"line":34,"column":63}},"23":{"start":{"line":38,"column":8},"end":{"line":38,"column":21}},"24":{"start":{"line":42,"column":0},"end":{"line":42,"column":24}}},"fnMap":{"0":{"name":"caesar","decl":{"start":{"line":1,"column":9},"end":{"line":1,"column":15}},"loc":{"start":{"line":1,"column":25},"end":{"line":39,"column":1}},"line":1}},"branchMap":{"0":{"loc":{"start":{"line":4,"column":4},"end":{"line":6,"column":5}},"type":"if","locations":[{"start":{"line":4,"column":4},"end":{"line":6,"column":5}},{"start":{},"end":{}}],"line":4},"1":{"loc":{"start":{"line":9,"column":8},"end":{"line":36,"column":9}},"type":"if","locations":[{"start":{"line":9,"column":8},"end":{"line":36,"column":9}},{"start":{"line":12,"column":13},"end":{"line":36,"column":9}}],"line":9},"2":{"loc":{"start":{"line":12,"column":13},"end":{"line":36,"column":9}},"type":"if","locations":[{"start":{"line":12,"column":13},"end":{"line":36,"column":9}},{"start":{"line":14,"column":12},"end":{"line":36,"column":9}}],"line":12},"3":{"loc":{"start":{"line":16,"column":12},"end":{"line":35,"column":13}},"type":"if","locations":[{"start":{"line":16,"column":12},"end":{"line":35,"column":13}},{"start":{"line":25,"column":17},"end":{"line":35,"column":13}}],"line":16},"4":{"loc":{"start":{"line":16,"column":15},"end":{"line":16,"column":69}},"type":"binary-expr","locations":[{"start":{"line":16,"column":15},"end":{"line":16,"column":40}},{"start":{"line":16,"column":43},"end":{"line":16,"column":69}}],"line":16},"5":{"loc":{"start":{"line":18,"column":16},"end":{"line":20,"column":17}},"type":"if","locations":[{"start":{"line":18,"column":16},"end":{"line":20,"column":17}},{"start":{},"end":{}}],"line":18},"6":{"loc":{"start":{"line":21,"column":16},"end":{"line":23,"column":17}},"type":"if","locations":[{"start":{"line":21,"column":16},"end":{"line":23,"column":17}},{"start":{},"end":{}}],"line":21},"7":{"loc":{"start":{"line":28,"column":16},"end":{"line":30,"column":17}},"type":"if","locations":[{"start":{"line":28,"column":16},"end":{"line":30,"column":17}},{"start":{},"end":{}}],"line":28},"8":{"loc":{"start":{"line":31,"column":16},"end":{"line":33,"column":17}},"type":"if","locations":[{"start":{"line":31,"column":16},"end":{"line":33,"column":17}},{"start":{},"end":{}}],"line":31}},"s":{"0":7,"1":7,"2":7,"3":1,"4":7,"5":7,"6":57,"7":8,"8":49,"9":4,"10":45,"11":34,"12":34,"13":8,"14":34,"15":8,"16":34,"17":11,"18":11,"19":4,"20":11,"21":3,"22":11,"23":7,"24":1},"f":{"0":7},"b":{"0":[1,6],"1":[8,49],"2":[4,45],"3":[34,11],"4":[45,34],"5":[8,26],"6":[8,26],"7":[4,7],"8":[3,8]},"_coverageSchema":"1a1c01bbd47fc00a2c39e90264f33305004495a9","hash":"e3495777eb19d39331124c09653d6a0363898c8f"}
,"D:\\Github\\Glint-Academy-Jest\\testing\\js\\calculator.js": {"path":"D:\\Github\\Glint-Academy-Jest\\testing\\js\\calculator.js","statementMap":{"0":{"start":{"line":2,"column":4},"end":{"line":17,"column":5}},"1":{"start":{"line":4,"column":12},"end":{"line":4,"column":29}},"2":{"start":{"line":7,"column":12},"end":{"line":7,"column":29}},"3":{"start":{"line":10,"column":12},"end":{"line":10,"column":31}},"4":{"start":{"line":13,"column":12},"end":{"line":13,"column":30}},"5":{"start":{"line":16,"column":12},"end":{"line":16,"column":40}},"6":{"start":{"line":21,"column":0},"end":{"line":21,"column":34}},"7":{"start":{"line":22,"column":0},"end":{"line":22,"column":27}}},"fnMap":{"0":{"name":"calculator","decl":{"start":{"line":1,"column":9},"end":{"line":1,"column":19}},"loc":{"start":{"line":1,"column":36},"end":{"line":19,"column":1}},"line":1}},"branchMap":{"0":{"loc":{"start":{"line":2,"column":4},"end":{"line":17,"column":5}},"type":"switch","locations":[{"start":{"line":3,"column":8},"end":{"line":4,"column":29}},{"start":{"line":6,"column":8},"end":{"line":7,"column":29}},{"start":{"line":9,"column":8},"end":{"line":10,"column":31}},{"start":{"line":12,"column":8},"end":{"line":13,"column":30}},{"start":{"line":15,"column":8},"end":{"line":16,"column":40}}],"line":2}},"s":{"0":14,"1":3,"2":4,"3":4,"4":3,"5":0,"6":1,"7":1},"f":{"0":14},"b":{"0":[3,4,4,3,0]},"_coverageSchema":"1a1c01bbd47fc00a2c39e90264f33305004495a9","hash":"8b9767c914aad303ff94931084cf1d419d8b410f"}
,"D:\\Github\\Glint-Academy-Jest\\testing\\js\\reverse.js": {"path":"D:\\Github\\Glint-Academy-Jest\\testing\\js\\reverse.js","statementMap":{"0":{"start":{"line":3,"column":4},"end":{"line":3,"column":61}},"1":{"start":{"line":3,"column":45},"end":{"line":3,"column":51}},"2":{"start":{"line":6,"column":0},"end":{"line":6,"column":29}},"3":{"start":{"line":7,"column":0},"end":{"line":7,"column":25}}},"fnMap":{"0":{"name":"reverse","decl":{"start":{"line":1,"column":9},"end":{"line":1,"column":16}},"loc":{"start":{"line":1,"column":22},"end":{"line":5,"column":1}},"line":1},"1":{"name":"(anonymous_1)","decl":{"start":{"line":3,"column":42},"end":{"line":3,"column":43}},"loc":{"start":{"line":3,"column":45},"end":{"line":3,"column":51}},"line":3}},"branchMap":{},"s":{"0":4,"1":18,"2":1,"3":1},"f":{"0":4,"1":18},"b":{},"_coverageSchema":"1a1c01bbd47fc00a2c39e90264f33305004495a9","hash":"03ceceb960d21529471eafe34ee363855c1caeb8"}
}
