TN:
SF:js\analyze.js
FN:1,analyze
FN:3,(anonymous_1)
FN:4,(anonymous_2)
FN:5,(anonymous_3)
FNF:4
FNH:4
FNDA:12,analyze
FNDA:59,(anonymous_1)
FNDA:187,(anonymous_2)
FNDA:184,(anonymous_3)
DA:2,12
DA:3,59
DA:4,187
DA:5,184
DA:12,1
DA:13,1
LF:6
LH:6
BRF:0
BRH:0
end_of_record
TN:
SF:js\caesar.js
FN:1,caesar
FNF:1
FNH:1
FNDA:7,caesar
DA:2,7
DA:3,7
DA:4,7
DA:5,1
DA:7,7
DA:9,57
DA:10,8
DA:12,49
DA:13,4
DA:16,45
DA:17,34
DA:18,34
DA:19,8
DA:21,34
DA:22,8
DA:24,34
DA:27,11
DA:28,11
DA:29,4
DA:31,11
DA:32,3
DA:34,11
DA:38,7
DA:42,1
LF:24
LH:24
BRDA:4,0,0,1
BRDA:4,0,1,6
BRDA:9,1,0,8
BRDA:9,1,1,49
BRDA:12,2,0,4
BRDA:12,2,1,45
BRDA:16,3,0,34
BRDA:16,3,1,11
BRDA:16,4,0,45
BRDA:16,4,1,34
BRDA:18,5,0,8
BRDA:18,5,1,26
BRDA:21,6,0,8
BRDA:21,6,1,26
BRDA:28,7,0,4
BRDA:28,7,1,7
BRDA:31,8,0,3
BRDA:31,8,1,8
BRF:18
BRH:18
end_of_record
TN:
SF:js\calculator.js
FN:1,calculator
FNF:1
FNH:1
FNDA:14,calculator
DA:2,14
DA:4,3
DA:7,4
DA:10,4
DA:13,3
DA:16,0
DA:21,1
DA:22,1
LF:8
LH:7
BRDA:2,0,0,3
BRDA:2,0,1,4
BRDA:2,0,2,4
BRDA:2,0,3,3
BRDA:2,0,4,0
BRF:5
BRH:4
end_of_record
TN:
SF:js\reverse.js
FN:1,reverse
FN:3,(anonymous_1)
FNF:2
FNH:2
FNDA:4,reverse
FNDA:18,(anonymous_1)
DA:3,18
DA:6,1
DA:7,1
LF:3
LH:3
BRF:0
BRH:0
end_of_record
